#
# A fatal error has been detected by the Java Runtime Environment:
#
#  Internal Error (javaCalls.cpp:51), pid=85530, tid=0x0000000000003103
#  guarantee(thread->is_Java_thread()) failed: crucial check - the VM thread cannot and must not escape to Java code
#
# JRE version: Java(TM) SE Runtime Environment (8.0_181-b13) (build 1.8.0_181-b13)
# Java VM: Java HotSpot(TM) 64-Bit Server VM (25.181-b13 mixed mode bsd-amd64 compressed oops)
# Failed to write core dump. Core dumps have been disabled. To enable core dumping, try "ulimit -c unlimited" before starting Java again
#
# If you would like to submit a bug report, please visit:
#   http://bugreport.java.com/bugreport/crash.jsp
#

---------------  T H R E A D  ---------------

Current thread (0x00007f9a99003000):  VMThread [stack: 0x00007000040b9000,0x00007000041b9000] [id=12547]

Stack: [0x00007000040b9000,0x00007000041b9000],  sp=0x00007000041b7a80,  free space=1018k
Native frames: (J=compiled Java code, j=interpreted, Vv=VM code, C=native code)
V  [libjvm.dylib+0x5b581a]  VMError::report_and_die()+0x3f8
V  [libjvm.dylib+0x1e9185]  report_vm_error(char const*, int, char const*, char const*)+0x54
V  [libjvm.dylib+0x2ef35c]  JavaCallWrapper::JavaCallWrapper(methodHandle, Handle, JavaValue*, Thread*)+0x64
V  [libjvm.dylib+0x2efc14]  JavaCalls::call_helper(JavaValue*, methodHandle*, JavaCallArguments*, Thread*)+0x608
V  [libjvm.dylib+0x2f0147]  JavaCalls::call_special(JavaValue*, KlassHandle, Symbol*, Symbol*, JavaCallArguments*, Thread*)+0x111
V  [libjvm.dylib+0x243b41]  Exceptions::new_exception(Thread*, Symbol*, Symbol*, JavaCallArguments*, Handle, Handle)+0xc7
V  [libjvm.dylib+0x243c3c]  Exceptions::new_exception(Thread*, Symbol*, Symbol*, JavaCallArguments*, Handle, Handle, Handle)+0x28
V  [libjvm.dylib+0x243e9b]  Exceptions::new_exception(Thread*, Symbol*, char const*, Handle, Handle, Handle, Exceptions::ExceptionMsgToUtf8Mode)+0x169
V  [libjvm.dylib+0x243eb6]  Exceptions::new_exception(Thread*, Symbol*, char const*, Exceptions::ExceptionMsgToUtf8Mode)+0x18
V  [libjvm.dylib+0x287b87]  GenerateOopMap::verify_error(char const*, ...)+0xed
V  [libjvm.dylib+0x28801b]  GenerateOopMap::get_var(int)+0x1d
V  [libjvm.dylib+0x28890d]  GenerateOopMap::ppload(CellTypeState*, int)+0x29
V  [libjvm.dylib+0x28a7ec]  GenerateOopMap::interp_bb(BasicBlock*)+0x104
V  [libjvm.dylib+0x28aa3b]  GenerateOopMap::interp_all()+0x31
V  [libjvm.dylib+0x28afd2]  GenerateOopMap::do_interpretation()+0x44
V  [libjvm.dylib+0x28b3eb]  GenerateOopMap::compute_map(Thread*)+0x1fb
V  [libjvm.dylib+0x485331]  OopMapForCacheEntry::compute_map(Thread*)+0x8f
V  [libjvm.dylib+0x48553a]  OopMapCacheEntry::fill(methodHandle, int)+0x19e
V  [libjvm.dylib+0x48571b]  OopMapCache::compute_one_oop_map(methodHandle, int, InterpreterOopMap*)+0x16b
V  [libjvm.dylib+0x4859d2]  OopMapCache::lookup(methodHandle, int, InterpreterOopMap*) const+0x25c
V  [libjvm.dylib+0x2c2b04]  InstanceKlass::mask_for(methodHandle, int, InterpreterOopMap*)+0xd2
V  [libjvm.dylib+0x45306d]  Method::mask_for(int, InterpreterOopMap*)+0xb3
V  [libjvm.dylib+0x39afbf]  VM_GetOrSetLocal::doit()+0x47
V  [libjvm.dylib+0x5bd499]  VM_Operation::evaluate()+0x4f
V  [libjvm.dylib+0x5bba31]  VMThread::evaluate_operation(VM_Operation*)+0xdf
V  [libjvm.dylib+0x5bbe7e]  VMThread::loop()+0x328
V  [libjvm.dylib+0x5bb79d]  VMThread::run()+0x79
V  [libjvm.dylib+0x48e342]  java_start(Thread*)+0xf6
C  [libsystem_pthread.dylib+0x36c1]  _pthread_body+0x154
C  [libsystem_pthread.dylib+0x356d]  _pthread_body+0x0
C  [libsystem_pthread.dylib+0x2c5d]  thread_start+0xd

VM_Operation (0x00007000045c4958): GetOrSetLocal, mode: safepoint, requested by thread 0x00007f9a98810800


---------------  P R O C E S S  ---------------

Java Threads: ( => current thread )
  0x00007f9a9903d000 JavaThread "Service Thread" daemon [_thread_blocked, id=43011, stack(0x0000700004bda000,0x0000700004cda000)]
  0x00007f9a9681f800 JavaThread "C1 CompilerThread3" daemon [_thread_blocked, id=43267, stack(0x0000700004ad7000,0x0000700004bd7000)]
  0x00007f9a9681e800 JavaThread "C2 CompilerThread2" daemon [_thread_blocked, id=16387, stack(0x00007000049d4000,0x0000700004ad4000)]
  0x00007f9a96808800 JavaThread "C2 CompilerThread1" daemon [_thread_blocked, id=16131, stack(0x00007000048d1000,0x00007000049d1000)]
  0x00007f9a99808000 JavaThread "C2 CompilerThread0" daemon [_thread_blocked, id=15619, stack(0x00007000047ce000,0x00007000048ce000)]
  0x00007f9a98812800 JavaThread "JDWP Command Reader" daemon [_thread_in_native, id=15363, stack(0x00007000046cb000,0x00007000047cb000)]
  0x00007f9a98811000 JavaThread "JDWP Event Helper Thread" daemon [_thread_blocked, id=14851, stack(0x00007000045c8000,0x00007000046c8000)]
  0x00007f9a98810800 JavaThread "JDWP Transport Listener: dt_socket" daemon [_thread_blocked, id=14599, stack(0x00007000044c5000,0x00007000045c5000)]
  0x00007f9a9606f000 JavaThread "Signal Dispatcher" daemon [_thread_blocked, id=17419, stack(0x00007000043c2000,0x00007000044c2000)]
  0x00007f9a9880e800 JavaThread "Finalizer" daemon [_thread_blocked, id=12803, stack(0x00007000042bf000,0x00007000043bf000)]
  0x00007f9a9880e000 JavaThread "Reference Handler" daemon [_thread_blocked, id=19715, stack(0x00007000041bc000,0x00007000042bc000)]
  0x00007f9a96809800 JavaThread "main" [_thread_blocked, id=9987, stack(0x000070000379e000,0x000070000389e000)]

Other Threads:
=>0x00007f9a99003000 VMThread [stack: 0x00007000040b9000,0x00007000041b9000] [id=12547]
  0x00007f9a97017000 WatcherThread [stack: 0x0000700004cdd000,0x0000700004ddd000] [id=42755]

VM state:at safepoint (normal execution)

VM Mutex/Monitor currently owned by a thread:  ([mutex/lock_event])
[0x00007f9a95c02360] Threads_lock - owner thread: 0x00007f9a99003000

Heap:
 PSYoungGen      total 76288K, used 31599K [0x00000007b5580000, 0x00000007baa80000, 0x00000007c0000000)
  eden space 65536K, 48% used [0x00000007b5580000,0x00000007b745bc68,0x00000007b9580000)
  from space 10752K, 0% used [0x00000007ba000000,0x00000007ba000000,0x00000007baa80000)
  to   space 10752K, 0% used [0x00000007b9580000,0x00000007b9580000,0x00000007ba000000)
 ParOldGen       total 175104K, used 0K [0x00000007a0000000, 0x00000007aab00000, 0x00000007b5580000)
  object space 175104K, 0% used [0x00000007a0000000,0x00000007a0000000,0x00000007aab00000)
 Metaspace       used 9465K, capacity 9664K, committed 9856K, reserved 1058816K
  class space    used 1015K, capacity 1096K, committed 1152K, reserved 1048576K

Card table byte_map: [0x000000010d574000,0x000000010d675000] byte_map_base: 0x0000000109874000

Marking Bits: (ParMarkBitMap*) 0x000000010caf9cd0
 Begin Bits: [0x000000010d720000, 0x000000010df20000)
 End Bits:   [0x000000010df20000, 0x000000010e720000)

Polling page: 0x000000010b084000

CodeCache: size=245760Kb used=2811Kb max_used=2811Kb free=242948Kb
 bounds [0x0000000111c6f000, 0x0000000111f2f000, 0x0000000120c6f000]
 total_blobs=990 nmethods=668 adapters=244
 compilation: enabled

Compilation events (10 events):
Event: 0.583 Thread 0x00007f9a9681f800  664       3       java.lang.invoke.MemberName::initResolved (53 bytes)
Event: 0.584 Thread 0x00007f9a9681f800 nmethod 664 0x0000000111f25310 code [0x0000000111f25480, 0x0000000111f25650]
Event: 0.585 Thread 0x00007f9a9681f800  665       3       java.util.ArrayList::grow (45 bytes)
Event: 0.585 Thread 0x00007f9a9681f800 nmethod 665 0x0000000111f2de10 code [0x0000000111f2dfc0, 0x0000000111f2e4d8]
Event: 0.585 Thread 0x00007f9a9681f800  666       3       java.lang.Integer::hashCode (8 bytes)
Event: 0.585 Thread 0x00007f9a9681f800 nmethod 666 0x0000000111f24d50 code [0x0000000111f24ec0, 0x0000000111f25070]
Event: 0.585 Thread 0x00007f9a9681f800  667       3       java.lang.Integer::hashCode (2 bytes)
Event: 0.585 Thread 0x00007f9a9681f800 nmethod 667 0x0000000111f2e750 code [0x0000000111f2e8a0, 0x0000000111f2e9d0]
Event: 36.839 Thread 0x00007f9a9681f800  668       3       java.util.HashMap::isEmpty (13 bytes)
Event: 36.839 Thread 0x00007f9a9681f800 nmethod 668 0x0000000111f2ea50 code [0x0000000111f2ebc0, 0x0000000111f2ed70]

GC Heap History (0 events):
No events

Deoptimization events (7 events):
Event: 0.279 Thread 0x00007f9a96809800 Uncommon trap: reason=unstable_if action=reinterpret pc=0x0000000111df5adc method=java.lang.String.indexOf([CII[CIII)I @ 123
Event: 0.279 Thread 0x00007f9a96809800 Uncommon trap: reason=unstable_if action=reinterpret pc=0x0000000111ddc328 method=java.lang.String.indexOf([CII[CIII)I @ 123
Event: 0.292 Thread 0x00007f9a96809800 Uncommon trap: reason=unstable_if action=reinterpret pc=0x0000000111dec1c4 method=java.lang.String.replace(CC)Ljava/lang/String; @ 26
Event: 0.455 Thread 0x00007f9a96809800 Uncommon trap: reason=unstable_if action=reinterpret pc=0x0000000111e8a638 method=java.util.HashMap.getNode(ILjava/lang/Object;)Ljava/util/HashMap$Node; @ 129
Event: 0.455 Thread 0x00007f9a96809800 Uncommon trap: reason=unstable_if action=reinterpret pc=0x0000000111e7a1bc method=java.util.HashMap.getNode(ILjava/lang/Object;)Ljava/util/HashMap$Node; @ 129
Event: 0.465 Thread 0x00007f9a96809800 Uncommon trap: reason=range_check action=make_not_entrant pc=0x0000000111e9bab4 method=sun.reflect.generics.parser.SignatureParser.current()C @ 34
Event: 0.525 Thread 0x00007f9a96809800 Uncommon trap: reason=unstable_if action=reinterpret pc=0x0000000111eca760 method=java.lang.String.lastIndexOf([CII[CIII)I @ 66

Classes redefined (10 events):
Event: 598.046 Thread 0x00007f9a99003000 redefined class name=main.java.com.FrequentPatternSequential, count=1
Event: 759.625 Thread 0x00007f9a99003000 redefined class name=main.java.com.FrequentPatternSequential, count=2
Event: 850.897 Thread 0x00007f9a99003000 redefined class name=main.java.com.FrequentPatternSequential, count=3
Event: 895.165 Thread 0x00007f9a99003000 redefined class name=main.java.com.FrequentPatternSequential, count=4
Event: 985.710 Thread 0x00007f9a99003000 redefined class name=main.java.com.FrequentPatternSequential, count=5
Event: 1009.112 Thread 0x00007f9a99003000 redefined class name=main.java.com.FrequentPatternSequential, count=6
Event: 2146.292 Thread 0x00007f9a99003000 redefined class name=main.java.com.FrequentPatternSequential, count=7
Event: 3150.159 Thread 0x00007f9a99003000 redefined class name=main.java.com.FrequentPatternSequential, count=8
Event: 3239.283 Thread 0x00007f9a99003000 redefined class name=main.java.com.FrequentPatternSequential, count=9
Event: 3595.977 Thread 0x00007f9a99003000 redefined class name=main.java.com.FrequentPatternSequential, count=10

Internal exceptions (10 events):
Event: 0.036 Thread 0x00007f9a96809800 Exception <a 'java/lang/NoSuchMethodError': Method sun.misc.Unsafe.prefetchRead(Ljava/lang/Object;J)V name or signature does not match> (0x00000007b5587f98) thrown at [/Users/java_re/workspace/8-2-build-macosx-x86_64/jdk8u181/11358/hotspot/src/share/vm/pr
Event: 0.281 Thread 0x00007f9a96809800 Exception <a 'java/security/PrivilegedActionException'> (0x00000007b6131320) thrown at [/Users/java_re/workspace/8-2-build-macosx-x86_64/jdk8u181/11358/hotspot/src/share/vm/prims/jvm.cpp, line 1435]
Event: 0.281 Thread 0x00007f9a96809800 Exception <a 'java/security/PrivilegedActionException'> (0x00000007b6131718) thrown at [/Users/java_re/workspace/8-2-build-macosx-x86_64/jdk8u181/11358/hotspot/src/share/vm/prims/jvm.cpp, line 1435]
Event: 0.282 Thread 0x00007f9a96809800 Exception <a 'java/security/PrivilegedActionException'> (0x00000007b6134e18) thrown at [/Users/java_re/workspace/8-2-build-macosx-x86_64/jdk8u181/11358/hotspot/src/share/vm/prims/jvm.cpp, line 1435]
Event: 0.282 Thread 0x00007f9a96809800 Exception <a 'java/security/PrivilegedActionException'> (0x00000007b6135210) thrown at [/Users/java_re/workspace/8-2-build-macosx-x86_64/jdk8u181/11358/hotspot/src/share/vm/prims/jvm.cpp, line 1435]
Event: 0.421 Thread 0x00007f9a96809800 Exception <a 'java/lang/ArrayIndexOutOfBoundsException'> (0x00000007b6be5148) thrown at [/Users/java_re/workspace/8-2-build-macosx-x86_64/jdk8u181/11358/hotspot/src/share/vm/runtime/sharedRuntime.cpp, line 605]
Event: 0.465 Thread 0x00007f9a96809800 Exception <a 'java/lang/ArrayIndexOutOfBoundsException': 51> (0x00000007b6dfa498) thrown at [/Users/java_re/workspace/8-2-build-macosx-x86_64/jdk8u181/11358/hotspot/src/share/vm/interpreter/interpreterRuntime.cpp, line 366]
Event: 0.465 Thread 0x00007f9a96809800 Exception <a 'java/lang/ArrayIndexOutOfBoundsException': 92> (0x00000007b6dfcfd8) thrown at [/Users/java_re/workspace/8-2-build-macosx-x86_64/jdk8u181/11358/hotspot/src/share/vm/interpreter/interpreterRuntime.cpp, line 366]
Event: 0.560 Thread 0x00007f9a96809800 Exception <a 'java/lang/NoSuchFieldError': method resolution failed> (0x00000007b7346e38) thrown at [/Users/java_re/workspace/8-2-build-macosx-x86_64/jdk8u181/11358/hotspot/src/share/vm/prims/methodHandles.cpp, line 1167]
Event: 0.561 Thread 0x00007f9a96809800 Exception <a 'java/lang/NoSuchFieldError': method resolution failed> (0x00000007b73549f8) thrown at [/Users/java_re/workspace/8-2-build-macosx-x86_64/jdk8u181/11358/hotspot/src/share/vm/prims/methodHandles.cpp, line 1167]

Events (10 events):
Event: 3303.045 Executing VM operation: ChangeBreakpoints done
Event: 3309.754 Executing VM operation: ChangeBreakpoints
Event: 3309.754 Executing VM operation: ChangeBreakpoints done
Event: 3356.713 Executing VM operation: ChangeBreakpoints
Event: 3356.713 Executing VM operation: ChangeBreakpoints done
Event: 3595.974 Executing VM operation: RedefineClasses
Event: 3595.977 Executing VM operation: RedefineClasses done
Event: 3595.978 Executing VM operation: GetOrSetLocal
Event: 3595.978 Executing VM operation: GetOrSetLocal done
Event: 3595.991 Executing VM operation: GetOrSetLocal


Dynamic libraries:
0x00007fff41f17000 	/System/Library/Frameworks/Cocoa.framework/Versions/A/Cocoa
0x00007fff4e2d4000 	/System/Library/Frameworks/Security.framework/Versions/A/Security
0x00007fff40b86000 	/System/Library/Frameworks/ApplicationServices.framework/Versions/A/ApplicationServices
0x00007fff69e48000 	/usr/lib/libz.1.dylib
0x00007fff67e5c000 	/usr/lib/libSystem.B.dylib
0x00007fff6945d000 	/usr/lib/libobjc.A.dylib
0x00007fff426b1000 	/System/Library/Frameworks/CoreFoundation.framework/Versions/A/CoreFoundation
0x00007fff447e7000 	/System/Library/Frameworks/Foundation.framework/Versions/C/Foundation
0x00007fff3fcd7000 	/System/Library/Frameworks/AppKit.framework/Versions/C/AppKit
0x00007fff4228f000 	/System/Library/Frameworks/CoreData.framework/Versions/A/CoreData
0x00007fff6188d000 	/System/Library/PrivateFrameworks/RemoteViewServices.framework/Versions/A/RemoteViewServices
0x00007fff65ee2000 	/System/Library/PrivateFrameworks/UIFoundation.framework/Versions/A/UIFoundation
0x00007fff568d3000 	/System/Library/PrivateFrameworks/DFRFoundation.framework/Versions/A/DFRFoundation
0x00007fff46cbe000 	/System/Library/Frameworks/Metal.framework/Versions/A/Metal
0x00007fff56a74000 	/System/Library/PrivateFrameworks/DesktopServicesPriv.framework/Versions/A/DesktopServicesPriv
0x00007fff68a5f000 	/usr/lib/libenergytrace.dylib
0x00007fff64006000 	/System/Library/PrivateFrameworks/SkyLight.framework/Versions/A/SkyLight
0x00007fff42b53000 	/System/Library/Frameworks/CoreGraphics.framework/Versions/A/CoreGraphics
0x00007fff67e57000 	/usr/lib/libScreenReader.dylib
0x00007fff3ec98000 	/System/Library/Frameworks/Accelerate.framework/Versions/A/Accelerate
0x00007fff44f5e000 	/System/Library/Frameworks/IOSurface.framework/Versions/A/IOSurface
0x00007fff410d0000 	/System/Library/Frameworks/AudioToolbox.framework/Versions/A/AudioToolbox
0x00007fff4135d000 	/System/Library/Frameworks/AudioUnit.framework/Versions/A/AudioUnit
0x00007fff5696f000 	/System/Library/PrivateFrameworks/DataDetectorsCore.framework/Versions/A/DataDetectorsCore
0x00007fff41a1e000 	/System/Library/Frameworks/Carbon.framework/Versions/A/Frameworks/HIToolbox.framework/Versions/A/HIToolbox
0x00007fff68bb9000 	/usr/lib/libicucore.A.dylib
0x00007fff4d853000 	/System/Library/Frameworks/QuartzCore.framework/Versions/A/QuartzCore
0x00007fff41e04000 	/System/Library/Frameworks/Carbon.framework/Versions/A/Frameworks/SpeechRecognition.framework/Versions/A/SpeechRecognition
0x00007fff67fb8000 	/usr/lib/libauto.dylib
0x00007fff69d37000 	/usr/lib/libxml2.2.dylib
0x00007fff5654d000 	/System/Library/PrivateFrameworks/CoreUI.framework/Versions/A/CoreUI
0x00007fff4216b000 	/System/Library/Frameworks/CoreAudio.framework/Versions/A/CoreAudio
0x00007fff44621000 	/System/Library/Frameworks/DiskArbitration.framework/Versions/A/DiskArbitration
0x00007fff68e2d000 	/usr/lib/liblangid.dylib
0x00007fff5dddc000 	/System/Library/PrivateFrameworks/MultitouchSupport.framework/Versions/A/MultitouchSupport
0x00007fff44ec1000 	/System/Library/Frameworks/IOKit.framework/Versions/A/IOKit
0x00007fff67af4000 	/usr/lib/libDiagnosticMessagesClient.dylib
0x00007fff43811000 	/System/Library/Frameworks/CoreServices.framework/Versions/A/CoreServices
0x00007fff5f876000 	/System/Library/PrivateFrameworks/PerformanceAnalysis.framework/Versions/A/PerformanceAnalysis
0x00007fff4c9fd000 	/System/Library/Frameworks/OpenGL.framework/Versions/A/OpenGL
0x00007fff41f25000 	/System/Library/Frameworks/ColorSync.framework/Versions/A/ColorSync
0x00007fff43162000 	/System/Library/Frameworks/CoreImage.framework/Versions/A/CoreImage
0x00007fff44192000 	/System/Library/Frameworks/CoreText.framework/Versions/A/CoreText
0x00007fff44fbc000 	/System/Library/Frameworks/ImageIO.framework/Versions/A/ImageIO
0x00007fff52da6000 	/System/Library/PrivateFrameworks/Backup.framework/Versions/A/Backup
0x00007fff67f08000 	/usr/lib/libarchive.2.dylib
0x00007fff41672000 	/System/Library/Frameworks/CFNetwork.framework/Versions/A/CFNetwork
0x00007fff4ea50000 	/System/Library/Frameworks/SystemConfiguration.framework/Versions/A/SystemConfiguration
0x00007fff67a1d000 	/usr/lib/libCRFSuite.dylib
0x00007fff68090000 	/usr/lib/libc++.1.dylib
0x00007fff680e7000 	/usr/lib/libc++abi.dylib
0x00007fff69ef8000 	/usr/lib/system/libcache.dylib
0x00007fff69efd000 	/usr/lib/system/libcommonCrypto.dylib
0x00007fff69f08000 	/usr/lib/system/libcompiler_rt.dylib
0x00007fff69f10000 	/usr/lib/system/libcopyfile.dylib
0x00007fff69f19000 	/usr/lib/system/libcorecrypto.dylib
0x00007fff6a026000 	/usr/lib/system/libdispatch.dylib
0x00007fff6a060000 	/usr/lib/system/libdyld.dylib
0x00007fff6a07e000 	/usr/lib/system/libkeymgr.dylib
0x00007fff6a08c000 	/usr/lib/system/liblaunch.dylib
0x00007fff6a08d000 	/usr/lib/system/libmacho.dylib
0x00007fff6a092000 	/usr/lib/system/libquarantine.dylib
0x00007fff6a095000 	/usr/lib/system/libremovefile.dylib
0x00007fff6a097000 	/usr/lib/system/libsystem_asl.dylib
0x00007fff6a0af000 	/usr/lib/system/libsystem_blocks.dylib
0x00007fff6a0b0000 	/usr/lib/system/libsystem_c.dylib
0x00007fff6a13a000 	/usr/lib/system/libsystem_configuration.dylib
0x00007fff6a13e000 	/usr/lib/system/libsystem_coreservices.dylib
0x00007fff6a142000 	/usr/lib/system/libsystem_darwin.dylib
0x00007fff6a144000 	/usr/lib/system/libsystem_dnssd.dylib
0x00007fff6a14b000 	/usr/lib/system/libsystem_info.dylib
0x00007fff6a1bb000 	/usr/lib/system/libsystem_m.dylib
0x00007fff6a207000 	/usr/lib/system/libsystem_malloc.dylib
0x00007fff6a227000 	/usr/lib/system/libsystem_network.dylib
0x00007fff6a2cc000 	/usr/lib/system/libsystem_networkextension.dylib
0x00007fff6a2d7000 	/usr/lib/system/libsystem_notify.dylib
0x00007fff6a2f5000 	/usr/lib/system/libsystem_sandbox.dylib
0x00007fff6a2f9000 	/usr/lib/system/libsystem_secinit.dylib
0x00007fff6a195000 	/usr/lib/system/libsystem_kernel.dylib
0x00007fff6a2e1000 	/usr/lib/system/libsystem_platform.dylib
0x00007fff6a2e9000 	/usr/lib/system/libsystem_pthread.dylib
0x00007fff6a2fb000 	/usr/lib/system/libsystem_symptoms.dylib
0x00007fff6a303000 	/usr/lib/system/libsystem_trace.dylib
0x00007fff6a318000 	/usr/lib/system/libunwind.dylib
0x00007fff6a31e000 	/usr/lib/system/libxpc.dylib
0x00007fff6794a000 	/usr/lib/closure/libclosured.dylib
0x00007fff68071000 	/usr/lib/libbsm.0.dylib
0x00007fff6a07f000 	/usr/lib/system/libkxld.dylib
0x00007fff67d2e000 	/usr/lib/libOpenScriptingUtil.dylib
0x00007fff683e1000 	/usr/lib/libcoretls.dylib
0x00007fff683fa000 	/usr/lib/libcoretls_cfhelpers.dylib
0x00007fff6985e000 	/usr/lib/libpam.2.dylib
0x00007fff69984000 	/usr/lib/libsqlite3.dylib
0x00007fff69d26000 	/usr/lib/libxar.1.dylib
0x00007fff68082000 	/usr/lib/libbz2.1.0.dylib
0x00007fff68e2f000 	/usr/lib/liblzma.5.dylib
0x00007fff69310000 	/usr/lib/libnetwork.dylib
0x00007fff67ef1000 	/usr/lib/libapple_nghttp2.dylib
0x00007fff69865000 	/usr/lib/libpcap.A.dylib
0x00007fff67fb9000 	/usr/lib/libboringssl.dylib
0x00007fff69ce8000 	/usr/lib/libusrtcp.dylib
0x00007fff67ef0000 	/usr/lib/libapple_crypto.dylib
0x00007fff43b94000 	/System/Library/Frameworks/CoreServices.framework/Versions/A/Frameworks/FSEvents.framework/Versions/A/FSEvents
0x00007fff43887000 	/System/Library/Frameworks/CoreServices.framework/Versions/A/Frameworks/CarbonCore.framework/Versions/A/CarbonCore
0x00007fff43d56000 	/System/Library/Frameworks/CoreServices.framework/Versions/A/Frameworks/Metadata.framework/Versions/A/Metadata
0x00007fff43e06000 	/System/Library/Frameworks/CoreServices.framework/Versions/A/Frameworks/OSServices.framework/Versions/A/OSServices
0x00007fff43e64000 	/System/Library/Frameworks/CoreServices.framework/Versions/A/Frameworks/SearchKit.framework/Versions/A/SearchKit
0x00007fff43812000 	/System/Library/Frameworks/CoreServices.framework/Versions/A/Frameworks/AE.framework/Versions/A/AE
0x00007fff43b9d000 	/System/Library/Frameworks/CoreServices.framework/Versions/A/Frameworks/LaunchServices.framework/Versions/A/LaunchServices
0x00007fff43b5f000 	/System/Library/Frameworks/CoreServices.framework/Versions/A/Frameworks/DictionaryServices.framework/Versions/A/DictionaryServices
0x00007fff43ed3000 	/System/Library/Frameworks/CoreServices.framework/Versions/A/Frameworks/SharedFileList.framework/Versions/A/SharedFileList
0x00007fff47e8a000 	/System/Library/Frameworks/NetFS.framework/Versions/A/NetFS
0x00007fff5e069000 	/System/Library/PrivateFrameworks/NetAuth.framework/Versions/A/NetAuth
0x00007fff677e4000 	/System/Library/PrivateFrameworks/login.framework/Versions/A/Frameworks/loginsupport.framework/Versions/A/loginsupport
0x00007fff65b66000 	/System/Library/PrivateFrameworks/TCC.framework/Versions/A/TCC
0x00007fff68f10000 	/usr/lib/libmecabra.dylib
0x00007fff40b87000 	/System/Library/Frameworks/ApplicationServices.framework/Versions/A/Frameworks/ATS.framework/Versions/A/ATS
0x00007fff40f35000 	/System/Library/Frameworks/ApplicationServices.framework/Versions/A/Frameworks/ColorSyncLegacy.framework/Versions/A/ColorSyncLegacy
0x00007fff40fd9000 	/System/Library/Frameworks/ApplicationServices.framework/Versions/A/Frameworks/HIServices.framework/Versions/A/HIServices
0x00007fff4102c000 	/System/Library/Frameworks/ApplicationServices.framework/Versions/A/Frameworks/LangAnalysis.framework/Versions/A/LangAnalysis
0x00007fff4103b000 	/System/Library/Frameworks/ApplicationServices.framework/Versions/A/Frameworks/PrintCore.framework/Versions/A/PrintCore
0x00007fff41088000 	/System/Library/Frameworks/ApplicationServices.framework/Versions/A/Frameworks/QD.framework/Versions/A/QD
0x00007fff410c3000 	/System/Library/Frameworks/ApplicationServices.framework/Versions/A/Frameworks/SpeechSynthesis.framework/Versions/A/SpeechSynthesis
0x00007fff425e4000 	/System/Library/Frameworks/CoreDisplay.framework/Versions/A/CoreDisplay
0x00007fff3ecb0000 	/System/Library/Frameworks/Accelerate.framework/Versions/A/Frameworks/vImage.framework/Versions/A/vImage
0x00007fff3f9e7000 	/System/Library/Frameworks/Accelerate.framework/Versions/A/Frameworks/vecLib.framework/Versions/A/vecLib
0x00007fff3f789000 	/System/Library/Frameworks/Accelerate.framework/Versions/A/Frameworks/vecLib.framework/Versions/A/libvDSP.dylib
0x00007fff3f30a000 	/System/Library/Frameworks/Accelerate.framework/Versions/A/Frameworks/vecLib.framework/Versions/A/libBNNS.dylib
0x00007fff3f710000 	/System/Library/Frameworks/Accelerate.framework/Versions/A/Frameworks/vecLib.framework/Versions/A/libQuadrature.dylib
0x00007fff3f936000 	/System/Library/Frameworks/Accelerate.framework/Versions/A/Frameworks/vecLib.framework/Versions/A/libvMisc.dylib
0x00007fff3f339000 	/System/Library/Frameworks/Accelerate.framework/Versions/A/Frameworks/vecLib.framework/Versions/A/libLAPACK.dylib
0x00007fff3f1af000 	/System/Library/Frameworks/Accelerate.framework/Versions/A/Frameworks/vecLib.framework/Versions/A/libBLAS.dylib
0x00007fff3f6fa000 	/System/Library/Frameworks/Accelerate.framework/Versions/A/Frameworks/vecLib.framework/Versions/A/libLinearAlgebra.dylib
0x00007fff3f716000 	/System/Library/Frameworks/Accelerate.framework/Versions/A/Frameworks/vecLib.framework/Versions/A/libSparse.dylib
0x00007fff3f775000 	/System/Library/Frameworks/Accelerate.framework/Versions/A/Frameworks/vecLib.framework/Versions/A/libSparseBLAS.dylib
0x00007fff5c707000 	/System/Library/PrivateFrameworks/IOAccelerator.framework/Versions/A/IOAccelerator
0x00007fff5c712000 	/System/Library/PrivateFrameworks/IOPresentment.framework/Versions/A/IOPresentment
0x00007fff568e5000 	/System/Library/PrivateFrameworks/DSExternalDisplay.framework/Versions/A/DSExternalDisplay
0x00007fff4be7f000 	/System/Library/Frameworks/OpenGL.framework/Versions/A/Libraries/libCoreFSCache.dylib
0x00007fff442e1000 	/System/Library/Frameworks/CoreVideo.framework/Versions/A/CoreVideo
0x00007fff5bd5a000 	/System/Library/PrivateFrameworks/GraphVisualizer.framework/Versions/A/GraphVisualizer
0x00007fff46e81000 	/System/Library/Frameworks/MetalPerformanceShaders.framework/Versions/A/MetalPerformanceShaders
0x00007fff67b2c000 	/usr/lib/libFosl_dynamic.dylib
0x00007fff57918000 	/System/Library/PrivateFrameworks/FaceCore.framework/Versions/A/FaceCore
0x00007fff4ac87000 	/System/Library/Frameworks/OpenCL.framework/Versions/A/OpenCL
0x00007fff6811e000 	/usr/lib/libcompression.dylib
0x00007fff40c86000 	/System/Library/Frameworks/ApplicationServices.framework/Versions/A/Frameworks/ATS.framework/Versions/A/Resources/libFontParser.dylib
0x00007fff40da9000 	/System/Library/Frameworks/ApplicationServices.framework/Versions/A/Frameworks/ATS.framework/Versions/A/Resources/libFontRegistry.dylib
0x00007fff45221000 	/System/Library/Frameworks/ImageIO.framework/Versions/A/Resources/libJPEG.dylib
0x00007fff4554a000 	/System/Library/Frameworks/ImageIO.framework/Versions/A/Resources/libTIFF.dylib
0x00007fff45520000 	/System/Library/Frameworks/ImageIO.framework/Versions/A/Resources/libPng.dylib
0x00007fff45134000 	/System/Library/Frameworks/ImageIO.framework/Versions/A/Resources/libGIF.dylib
0x00007fff45139000 	/System/Library/Frameworks/ImageIO.framework/Versions/A/Resources/libJP2.dylib
0x00007fff45547000 	/System/Library/Frameworks/ImageIO.framework/Versions/A/Resources/libRadiance.dylib
0x00007fff52507000 	/System/Library/PrivateFrameworks/AppleJPEG.framework/Versions/A/AppleJPEG
0x00007fff5db52000 	/System/Library/PrivateFrameworks/MetalTools.framework/Versions/A/MetalTools
0x00007fff46d5a000 	/System/Library/Frameworks/MetalPerformanceShaders.framework/Frameworks/MPSCore.framework/Versions/A/MPSCore
0x00007fff46d70000 	/System/Library/Frameworks/MetalPerformanceShaders.framework/Frameworks/MPSImage.framework/Versions/A/MPSImage
0x00007fff46ddc000 	/System/Library/Frameworks/MetalPerformanceShaders.framework/Frameworks/MPSMatrix.framework/Versions/A/MPSMatrix
0x00007fff46e00000 	/System/Library/Frameworks/MetalPerformanceShaders.framework/Frameworks/MPSNeuralNetwork.framework/Versions/A/MPSNeuralNetwork
0x00007fff4c047000 	/System/Library/Frameworks/OpenGL.framework/Versions/A/Libraries/libGLU.dylib
0x00007fff4be89000 	/System/Library/Frameworks/OpenGL.framework/Versions/A/Libraries/libGFXShared.dylib
0x00007fff4be92000 	/System/Library/Frameworks/OpenGL.framework/Versions/A/Libraries/libGL.dylib
0x00007fff4be9e000 	/System/Library/Frameworks/OpenGL.framework/Versions/A/Libraries/libGLImage.dylib
0x00007fff4be7c000 	/System/Library/Frameworks/OpenGL.framework/Versions/A/Libraries/libCVMSPluginSupport.dylib
0x00007fff4be84000 	/System/Library/Frameworks/OpenGL.framework/Versions/A/Libraries/libCoreVMClient.dylib
0x00007fff688cb000 	/usr/lib/libcups.2.dylib
0x00007fff46326000 	/System/Library/Frameworks/Kerberos.framework/Versions/A/Kerberos
0x00007fff44c1c000 	/System/Library/Frameworks/GSS.framework/Versions/A/GSS
0x00007fff69918000 	/usr/lib/libresolv.9.dylib
0x00007fff68ac7000 	/usr/lib/libiconv.2.dylib
0x00007fff5bde1000 	/System/Library/PrivateFrameworks/Heimdal.framework/Versions/A/Heimdal
0x00007fff68a96000 	/usr/lib/libheimdal-asn1.dylib
0x00007fff4acf2000 	/System/Library/Frameworks/OpenDirectory.framework/Versions/A/OpenDirectory
0x00007fff547bd000 	/System/Library/PrivateFrameworks/CommonAuth.framework/Versions/A/CommonAuth
0x00007fff4acd5000 	/System/Library/Frameworks/OpenDirectory.framework/Versions/A/Frameworks/CFOpenDirectory.framework/Versions/A/CFOpenDirectory
0x00007fff4e5ec000 	/System/Library/Frameworks/SecurityFoundation.framework/Versions/A/SecurityFoundation
0x00007fff516f3000 	/System/Library/PrivateFrameworks/APFS.framework/Versions/A/APFS
0x00007fff69d22000 	/usr/lib/libutil.dylib
0x00007fff5258a000 	/System/Library/PrivateFrameworks/AppleSauce.framework/Versions/A/AppleSauce
0x00007fff5cee9000 	/System/Library/PrivateFrameworks/LinguisticData.framework/Versions/A/LinguisticData
0x00007fff68e49000 	/usr/lib/libmarisa.dylib
0x00007fff5cea3000 	/System/Library/PrivateFrameworks/Lexicon.framework/Versions/A/Lexicon
0x00007fff67a57000 	/usr/lib/libChineseTokenizer.dylib
0x00007fff6810d000 	/usr/lib/libcmph.dylib
0x00007fff5cdad000 	/System/Library/PrivateFrameworks/LanguageModeling.framework/Versions/A/LanguageModeling
0x00007fff551d3000 	/System/Library/PrivateFrameworks/CoreEmoji.framework/Versions/A/CoreEmoji
0x00007fff4e6a8000 	/System/Library/Frameworks/ServiceManagement.framework/Versions/A/ServiceManagement
0x00007fff52d9e000 	/System/Library/PrivateFrameworks/BackgroundTaskManagement.framework/Versions/A/BackgroundTaskManagement
0x00007fff69e1f000 	/usr/lib/libxslt.1.dylib
0x00007fff41d2e000 	/System/Library/Frameworks/Carbon.framework/Versions/A/Frameworks/Ink.framework/Versions/A/Ink
0x00007fff65d7a000 	/System/Library/PrivateFrameworks/TextureIO.framework/Versions/A/TextureIO
0x00007fff67f33000 	/usr/lib/libate.dylib
0x00007fff56847000 	/System/Library/PrivateFrameworks/CrashReporterSupport.framework/Versions/A/CrashReporterSupport
0x00007fff631cd000 	/System/Library/PrivateFrameworks/Sharing.framework/Versions/A/Sharing
0x00007fff5caf3000 	/System/Library/PrivateFrameworks/IconServices.framework/Versions/A/IconServices
0x00007fff61692000 	/System/Library/PrivateFrameworks/ProtocolBuffer.framework/Versions/A/ProtocolBuffer
0x00007fff52392000 	/System/Library/PrivateFrameworks/Apple80211.framework/Versions/A/Apple80211
0x00007fff4431c000 	/System/Library/Frameworks/CoreWLAN.framework/Versions/A/CoreWLAN
0x00007fff56682000 	/System/Library/PrivateFrameworks/CoreUtils.framework/Versions/A/CoreUtils
0x00007fff44d5e000 	/System/Library/Frameworks/IOBluetooth.framework/Versions/A/IOBluetooth
0x00007fff567e2000 	/System/Library/PrivateFrameworks/CoreWiFi.framework/Versions/A/CoreWiFi
0x00007fff42265000 	/System/Library/Frameworks/CoreBluetooth.framework/Versions/A/CoreBluetooth
0x00007fff63308000 	/System/Library/PrivateFrameworks/SignpostNotification.framework/Versions/A/SignpostNotification
0x00007fff56a33000 	/System/Library/PrivateFrameworks/DebugSymbols.framework/Versions/A/DebugSymbols
0x00007fff56439000 	/System/Library/PrivateFrameworks/CoreSymbolication.framework/Versions/A/CoreSymbolication
0x00007fff655f0000 	/System/Library/PrivateFrameworks/Symbolication.framework/Versions/A/Symbolication
0x00007fff523bc000 	/System/Library/PrivateFrameworks/AppleFSCompression.framework/Versions/A/AppleFSCompression
0x00007fff64a51000 	/System/Library/PrivateFrameworks/SpeechRecognitionCore.framework/Versions/A/SpeechRecognitionCore
0x000000010c200000 	/Library/Java/JavaVirtualMachines/jdk1.8.0_181.jdk/Contents/Home/jre/lib/server/libjvm.dylib
0x00007fff69c19000 	/usr/lib/libstdc++.6.0.9.dylib
0x000000010b040000 	/Library/Java/JavaVirtualMachines/jdk1.8.0_181.jdk/Contents/Home/jre/lib/libverify.dylib
0x000000010b04e000 	/Library/Java/JavaVirtualMachines/jdk1.8.0_181.jdk/Contents/Home/jre/lib/libjava.dylib
0x000000010b085000 	/Library/Java/JavaVirtualMachines/jdk1.8.0_181.jdk/Contents/Home/jre/lib/libjdwp.dylib
0x000000010b0d0000 	/Library/Java/JavaVirtualMachines/jdk1.8.0_181.jdk/Contents/Home/jre/lib/libnpt.dylib
0x000000010b0d4000 	/Library/Java/JavaVirtualMachines/jdk1.8.0_181.jdk/Contents/Home/jre/lib/libinstrument.dylib
0x000000010b172000 	/Library/Java/JavaVirtualMachines/jdk1.8.0_181.jdk/Contents/Home/jre/lib/libzip.dylib
0x0000000110f0f000 	/Library/Java/JavaVirtualMachines/jdk1.8.0_181.jdk/Contents/Home/jre/lib/libdt_socket.dylib

VM Arguments:
jvm_args: -agentlib:jdwp=transport=dt_socket,address=127.0.0.1:65400,suspend=y,server=n -Xmx512M -javaagent:/Users/imichel/Library/Caches/IntelliJIdea2018.2/captureAgent/debugger-agent.jar=file:/private/var/folders/l3/55zjdcqj4nz4ng96s4670wbhccmqy5/T/capture.props -Dfile.encoding=UTF-8 
java_command: net.egork.chelper.tester.NewTester src/main/java/com/cs412 bonus project.json 0
java_class_path (initial): /Library/Java/JavaVirtualMachines/jdk1.8.0_181.jdk/Contents/Home/jre/lib/charsets.jar:/Library/Java/JavaVirtualMachines/jdk1.8.0_181.jdk/Contents/Home/jre/lib/deploy.jar:/Library/Java/JavaVirtualMachines/jdk1.8.0_181.jdk/Contents/Home/jre/lib/ext/cldrdata.jar:/Library/Java/JavaVirtualMachines/jdk1.8.0_181.jdk/Contents/Home/jre/lib/ext/dnsns.jar:/Library/Java/JavaVirtualMachines/jdk1.8.0_181.jdk/Contents/Home/jre/lib/ext/jaccess.jar:/Library/Java/JavaVirtualMachines/jdk1.8.0_181.jdk/Contents/Home/jre/lib/ext/jfxrt.jar:/Library/Java/JavaVirtualMachines/jdk1.8.0_181.jdk/Contents/Home/jre/lib/ext/localedata.jar:/Library/Java/JavaVirtualMachines/jdk1.8.0_181.jdk/Contents/Home/jre/lib/ext/nashorn.jar:/Library/Java/JavaVirtualMachines/jdk1.8.0_181.jdk/Contents/Home/jre/lib/ext/sunec.jar:/Library/Java/JavaVirtualMachines/jdk1.8.0_181.jdk/Contents/Home/jre/lib/ext/sunjce_provider.jar:/Library/Java/JavaVirtualMachines/jdk1.8.0_181.jdk/Contents/Home/jre/lib/ext/sunpkcs11.jar:/Library/Java/JavaVirtualMachines/jdk1.8.0_181.jdk/Contents/Home/jre/lib/ext/zipfs.jar:/Library/Java/JavaVirtualMachines/jdk1.8.0_181.jdk/Contents/Home/jre/lib/javaws.jar:/Library/Java/JavaVirtualMachines/jdk1.8.0_181.jdk/Contents/Home/jre/lib/jce.jar:/Library/Java/JavaVirtualMachines/jdk1.8.0_181.jdk/Contents/Home/jre/lib/jfr.jar:/Library/Java/JavaVirtualMachines/jdk1.8.0_181.jdk/Contents/Home/jre/lib/jfxswt.jar:/Library/Java/JavaVirtualMachines/jdk1.8.0_181.jdk/Contents/Home/jre/lib/jsse.jar:/Library/Java/JavaVirtualMachines/jdk1.8.0_181.jdk/Contents/Home/jre/lib/management-agent.jar:/Library/Java/JavaVirtualMachines/jdk1.8.0_181.jdk/Contents/Home/jre/lib/plugin.jar:/Library/Java/JavaVirtualMachines/jdk1.8.0_181.jdk/Contents/Home/jre/lib/resources.jar:/Library/Java/JavaVirtualMachines/jdk1.8.0_181.jdk/Contents/Home/jre/lib/rt.jar:/Library/Java/JavaVirtualMachines/jdk1.8.0_181.jdk/Contents/Home/lib/ant-javafx.jar:/Library/Java/JavaVirtualMachines/jdk1.8.0_181.jdk/Contents/Home
Launcher Type: SUN_STANDARD

Environment Variables:
PATH=/anaconda2/bin:/Users/imichel/Downloads/ls/bin:/usr/bin:/bin:/usr/sbin:/sbin:/usr/local/bin:/Library/TeX/texbin:/Programs/apache-maven-3.5.0/bin
SHELL=/bin/bash

Signal Handlers:
SIGSEGV: [libjvm.dylib+0x5b6029], sa_mask[0]=11111111011111110111111111111111, sa_flags=SA_ONSTACK|SA_RESTART|SA_SIGINFO
SIGBUS: [libjvm.dylib+0x5b6029], sa_mask[0]=11111111011111110111111111111111, sa_flags=SA_RESTART|SA_SIGINFO
SIGFPE: [libjvm.dylib+0x48b934], sa_mask[0]=11111111011111110111111111111111, sa_flags=SA_RESTART|SA_SIGINFO
SIGPIPE: [libjvm.dylib+0x48b934], sa_mask[0]=11111111011111110111111111111111, sa_flags=SA_RESTART|SA_SIGINFO
SIGXFSZ: [libjvm.dylib+0x48b934], sa_mask[0]=11111111011111110111111111111111, sa_flags=SA_RESTART|SA_SIGINFO
SIGILL: [libjvm.dylib+0x48b934], sa_mask[0]=11111111011111110111111111111111, sa_flags=SA_RESTART|SA_SIGINFO
SIGUSR1: SIG_DFL, sa_mask[0]=00000000000000000000000000000000, sa_flags=none
SIGUSR2: [libjvm.dylib+0x48b452], sa_mask[0]=00100000000000000000000000000000, sa_flags=SA_RESTART|SA_SIGINFO
SIGHUP: [libjvm.dylib+0x489a1d], sa_mask[0]=11111111011111110111111111111111, sa_flags=SA_RESTART|SA_SIGINFO
SIGINT: [libjvm.dylib+0x489a1d], sa_mask[0]=11111111011111110111111111111111, sa_flags=SA_RESTART|SA_SIGINFO
SIGTERM: [libjvm.dylib+0x489a1d], sa_mask[0]=11111111011111110111111111111111, sa_flags=SA_RESTART|SA_SIGINFO
SIGQUIT: [libjvm.dylib+0x489a1d], sa_mask[0]=11111111011111110111111111111111, sa_flags=SA_RESTART|SA_SIGINFO


---------------  S Y S T E M  ---------------

OS:Bsduname:Darwin 17.4.0 Darwin Kernel Version 17.4.0: Sun Dec 17 09:19:54 PST 2017; root:xnu-4570.41.2~1/RELEASE_X86_64 x86_64
rlimit: STACK 8192k, CORE 0k, NPROC 1418, NOFILE 10240, AS infinity
load average:2.35 2.83 2.82

CPU:total 8 (initial active 8) (4 cores per cpu, 2 threads per core) family 6 model 70 stepping 1, cmov, cx8, fxsr, mmx, sse, sse2, sse3, ssse3, sse4.1, sse4.2, popcnt, avx, avx2, aes, clmul, erms, lzcnt, ht, tsc, tscinvbit, bmi1, bmi2

Memory: 4k page, physical 16777216k(3141764k free)

/proc/meminfo:


vm_info: Java HotSpot(TM) 64-Bit Server VM (25.181-b13) for bsd-amd64 JRE (1.8.0_181-b13), built on Jul  7 2018 01:02:31 by "java_re" with gcc 4.2.1 (Based on Apple Inc. build 5658) (LLVM build 2336.11.00)

time: Sun Nov 11 12:52:41 2018
elapsed time: 3596 seconds (0d 0h 59m 56s)

